[main.py:44 <module>()] -> =================================
[main.py:45 <module>()] -> is_resume = False
is_cls = True
seed = 42
device = cuda:3
dataset = chengdu
grid_special_tokens = {'padding_token': 0, 'cls_token': 1}
road_special_tokens = {'padding_token': 0, 'cls_token': 1, 'mask_token': 2}
mask_length = 2
mask_ratio = 0.2
grid_size = 100
grid_num = 0
road_num = 0
road_type = 0
batch_size = 128
training_epochs = 30
training_lr = 0.0002
bad_patience = 5
warm_up_epoch = 10
warmup_lr_init = 1e-06
lr_min = 1e-06
weight_decay = 0.0001
hidden_emb_dim = 256
pe_dropout = 0.1
out_emb_dim = 128
grid_in_channel = 3
grid_out_channel = 64
grid_trm_head = 4
grid_trm_dropout = 0.1
grid_trm_layer = 2
grid_ffn_dim = 1024
g_fea_size = 0
g_heads_per_layer = [4, 4, 4]
g_dim_per_layer = [256, 256, 256]
g_num_layers = 3
g_dropout = 0.1
road_trm_head = 4
road_trm_dropout = 0.1
road_trm_layer = 4
road_ffn_dim = 1024
inter_trm_head = 2
inter_trm_dropout = 0.1
inter_trm_layer = 2
inter_ffn_dim = 512
tuning_all = True
prediction_length = 5
min_lon = 103.92994
max_lon = 104.20535
min_lat = 30.56799
max_lat = 30.78813
cls_num = 2
[main.py:46 <module>()] -> =================================
[green_trainer.py:241 train()] -> [Epoch 0/30] [Train loss: 15.1679986711] [Eval loss: 14.1274001668]
[green_trainer.py:244 train()] -> [Epoch 0/30] [Train cl  loss: 4.6392376545] [Eval cl  loss: 3.8017695352]
[green_trainer.py:247 train()] -> [Epoch 0/30] [Train mlm loss: 10.5287610236] [Eval mlm loss: 10.3256306404]
[green_trainer.py:250 train()] -> [Epoch 0/30] [Train mlm pred: 0.0001124244] [Eval mlm pred: 0.0001925105]
[green_trainer.py:143 save_model_with_epoch()] -> Saved [0 epoch] model at ./log/chengdu/exp_bs128_inter2_epoch30_2e-4_cls_2grid_2_0.2ratio/pretrain/pretrain_model_0.pth
[green_trainer.py:241 train()] -> [Epoch 1/30] [Train loss: 10.0766113885] [Eval loss: 9.1237345954]
[green_trainer.py:244 train()] -> [Epoch 1/30] [Train cl  loss: 0.8086958373] [Eval cl  loss: 0.2242596364]
[green_trainer.py:247 train()] -> [Epoch 1/30] [Train mlm loss: 9.2679155447] [Eval mlm loss: 8.8994749554]
[green_trainer.py:250 train()] -> [Epoch 1/30] [Train mlm pred: 0.0006481774] [Eval mlm pred: 0.0010588955]
[green_trainer.py:143 save_model_with_epoch()] -> Saved [1 epoch] model at ./log/chengdu/exp_bs128_inter2_epoch30_2e-4_cls_2grid_2_0.2ratio/pretrain/pretrain_model_1.pth
[green_trainer.py:241 train()] -> [Epoch 2/30] [Train loss: 8.3547505019] [Eval loss: 7.5306425803]
[green_trainer.py:244 train()] -> [Epoch 2/30] [Train cl  loss: 0.2529195727] [Eval cl  loss: 0.1428903175]
[green_trainer.py:247 train()] -> [Epoch 2/30] [Train mlm loss: 8.1018309253] [Eval mlm loss: 7.3877522682]
[green_trainer.py:250 train()] -> [Epoch 2/30] [Train mlm pred: 0.0034487550] [Eval mlm pred: 0.0060539005]
[green_trainer.py:143 save_model_with_epoch()] -> Saved [2 epoch] model at ./log/chengdu/exp_bs128_inter2_epoch30_2e-4_cls_2grid_2_0.2ratio/pretrain/pretrain_model_2.pth
[green_trainer.py:241 train()] -> [Epoch 3/30] [Train loss: 6.8346743634] [Eval loss: 5.8407414549]
[green_trainer.py:244 train()] -> [Epoch 3/30] [Train cl  loss: 0.1608970295] [Eval cl  loss: 0.1452717596]
[green_trainer.py:247 train()] -> [Epoch 3/30] [Train mlm loss: 6.6737773339] [Eval mlm loss: 5.6954696964]
[green_trainer.py:250 train()] -> [Epoch 3/30] [Train mlm pred: 0.0144011839] [Eval mlm pred: 0.0341101295]
[green_trainer.py:143 save_model_with_epoch()] -> Saved [3 epoch] model at ./log/chengdu/exp_bs128_inter2_epoch30_2e-4_cls_2grid_2_0.2ratio/pretrain/pretrain_model_3.pth
[green_trainer.py:241 train()] -> [Epoch 4/30] [Train loss: 4.9828723758] [Eval loss: 3.9958126823]
[green_trainer.py:244 train()] -> [Epoch 4/30] [Train cl  loss: 0.1170516693] [Eval cl  loss: 0.0810222927]
[green_trainer.py:247 train()] -> [Epoch 4/30] [Train mlm loss: 4.8658207098] [Eval mlm loss: 3.9147903873]
[green_trainer.py:250 train()] -> [Epoch 4/30] [Train mlm pred: 0.0640648402] [Eval mlm pred: 0.1246322594]
[green_trainer.py:143 save_model_with_epoch()] -> Saved [4 epoch] model at ./log/chengdu/exp_bs128_inter2_epoch30_2e-4_cls_2grid_2_0.2ratio/pretrain/pretrain_model_4.pth
[green_trainer.py:241 train()] -> [Epoch 5/30] [Train loss: 3.4857553250] [Eval loss: 2.6451745096]
[green_trainer.py:244 train()] -> [Epoch 5/30] [Train cl  loss: 0.0916524330] [Eval cl  loss: 0.0443841749]
[green_trainer.py:247 train()] -> [Epoch 5/30] [Train mlm loss: 3.3941028912] [Eval mlm loss: 2.6007903353]
[green_trainer.py:250 train()] -> [Epoch 5/30] [Train mlm pred: 0.1729866411] [Eval mlm pred: 0.3113613121]
[green_trainer.py:143 save_model_with_epoch()] -> Saved [5 epoch] model at ./log/chengdu/exp_bs128_inter2_epoch30_2e-4_cls_2grid_2_0.2ratio/pretrain/pretrain_model_5.pth
[green_trainer.py:241 train()] -> [Epoch 6/30] [Train loss: 2.3665047674] [Eval loss: 1.7171609552]
[green_trainer.py:244 train()] -> [Epoch 6/30] [Train cl  loss: 0.0799764262] [Eval cl  loss: 0.0405323466]
[green_trainer.py:247 train()] -> [Epoch 6/30] [Train mlm loss: 2.2865283407] [Eval mlm loss: 1.6766286094]
[green_trainer.py:250 train()] -> [Epoch 6/30] [Train mlm pred: 0.3709067452] [Eval mlm pred: 0.5499851214]
[green_trainer.py:143 save_model_with_epoch()] -> Saved [6 epoch] model at ./log/chengdu/exp_bs128_inter2_epoch30_2e-4_cls_2grid_2_0.2ratio/pretrain/pretrain_model_6.pth
[green_trainer.py:241 train()] -> [Epoch 7/30] [Train loss: 1.5428786343] [Eval loss: 0.9626619254]
[green_trainer.py:244 train()] -> [Epoch 7/30] [Train cl  loss: 0.0619982267] [Eval cl  loss: 0.0381067951]
[green_trainer.py:247 train()] -> [Epoch 7/30] [Train mlm loss: 1.4808804085] [Eval mlm loss: 0.9245551308]
[green_trainer.py:250 train()] -> [Epoch 7/30] [Train mlm pred: 0.5833741912] [Eval mlm pred: 0.7651403649]
[green_trainer.py:143 save_model_with_epoch()] -> Saved [7 epoch] model at ./log/chengdu/exp_bs128_inter2_epoch30_2e-4_cls_2grid_2_0.2ratio/pretrain/pretrain_model_7.pth
[green_trainer.py:241 train()] -> [Epoch 8/30] [Train loss: 0.9334379434] [Eval loss: 0.5369041993]
[green_trainer.py:244 train()] -> [Epoch 8/30] [Train cl  loss: 0.0489805104] [Eval cl  loss: 0.0219050893]
[green_trainer.py:247 train()] -> [Epoch 8/30] [Train mlm loss: 0.8844574323] [Eval mlm loss: 0.5149991098]
[green_trainer.py:250 train()] -> [Epoch 8/30] [Train mlm pred: 0.7572893881] [Eval mlm pred: 0.8691349532]
[green_trainer.py:143 save_model_with_epoch()] -> Saved [8 epoch] model at ./log/chengdu/exp_bs128_inter2_epoch30_2e-4_cls_2grid_2_0.2ratio/pretrain/pretrain_model_8.pth
[green_trainer.py:241 train()] -> [Epoch 9/30] [Train loss: 0.6164567008] [Eval loss: 0.3681192502]
[green_trainer.py:244 train()] -> [Epoch 9/30] [Train cl  loss: 0.0374787990] [Eval cl  loss: 0.0214943258]
[green_trainer.py:247 train()] -> [Epoch 9/30] [Train mlm loss: 0.5789779019] [Eval mlm loss: 0.3466249241]
[green_trainer.py:250 train()] -> [Epoch 9/30] [Train mlm pred: 0.8422770245] [Eval mlm pred: 0.9119554811]
[green_trainer.py:143 save_model_with_epoch()] -> Saved [9 epoch] model at ./log/chengdu/exp_bs128_inter2_epoch30_2e-4_cls_2grid_2_0.2ratio/pretrain/pretrain_model_9.pth
[green_trainer.py:241 train()] -> [Epoch 10/30] [Train loss: 0.4191533820] [Eval loss: 0.2537001265]
[green_trainer.py:244 train()] -> [Epoch 10/30] [Train cl  loss: 0.0242507395] [Eval cl  loss: 0.0082184476]
[green_trainer.py:247 train()] -> [Epoch 10/30] [Train mlm loss: 0.3949026422] [Eval mlm loss: 0.2454816790]
[green_trainer.py:250 train()] -> [Epoch 10/30] [Train mlm pred: 0.8940284639] [Eval mlm pred: 0.9389320914]
[green_trainer.py:143 save_model_with_epoch()] -> Saved [10 epoch] model at ./log/chengdu/exp_bs128_inter2_epoch30_2e-4_cls_2grid_2_0.2ratio/pretrain/pretrain_model_10.pth
[green_trainer.py:241 train()] -> [Epoch 11/30] [Train loss: 0.3208002054] [Eval loss: 0.1972557019]
[green_trainer.py:244 train()] -> [Epoch 11/30] [Train cl  loss: 0.0193910979] [Eval cl  loss: 0.0080703171]
[green_trainer.py:247 train()] -> [Epoch 11/30] [Train mlm loss: 0.3014091075] [Eval mlm loss: 0.1891853847]
[green_trainer.py:250 train()] -> [Epoch 11/30] [Train mlm pred: 0.9201401336] [Eval mlm pred: 0.9533581978]
[green_trainer.py:143 save_model_with_epoch()] -> Saved [11 epoch] model at ./log/chengdu/exp_bs128_inter2_epoch30_2e-4_cls_2grid_2_0.2ratio/pretrain/pretrain_model_11.pth
[green_trainer.py:241 train()] -> [Epoch 12/30] [Train loss: 0.2555192904] [Eval loss: 0.1620627646]
[green_trainer.py:244 train()] -> [Epoch 12/30] [Train cl  loss: 0.0156532664] [Eval cl  loss: 0.0061885199]
[green_trainer.py:247 train()] -> [Epoch 12/30] [Train mlm loss: 0.2398660239] [Eval mlm loss: 0.1558742448]
[green_trainer.py:250 train()] -> [Epoch 12/30] [Train mlm pred: 0.9369618939] [Eval mlm pred: 0.9614331923]
[green_trainer.py:143 save_model_with_epoch()] -> Saved [12 epoch] model at ./log/chengdu/exp_bs128_inter2_epoch30_2e-4_cls_2grid_2_0.2ratio/pretrain/pretrain_model_12.pth
[green_trainer.py:241 train()] -> [Epoch 13/30] [Train loss: 0.2123283581] [Eval loss: 0.1420461684]
[green_trainer.py:244 train()] -> [Epoch 13/30] [Train cl  loss: 0.0123801496] [Eval cl  loss: 0.0079781556]
[green_trainer.py:247 train()] -> [Epoch 13/30] [Train mlm loss: 0.1999482085] [Eval mlm loss: 0.1340680128]
[green_trainer.py:250 train()] -> [Epoch 13/30] [Train mlm pred: 0.9476696915] [Eval mlm pred: 0.9672674707]
[green_trainer.py:143 save_model_with_epoch()] -> Saved [13 epoch] model at ./log/chengdu/exp_bs128_inter2_epoch30_2e-4_cls_2grid_2_0.2ratio/pretrain/pretrain_model_13.pth
[green_trainer.py:241 train()] -> [Epoch 14/30] [Train loss: 0.1802862800] [Eval loss: 0.1194278847]
[green_trainer.py:244 train()] -> [Epoch 14/30] [Train cl  loss: 0.0103197442] [Eval cl  loss: 0.0048233662]
[green_trainer.py:247 train()] -> [Epoch 14/30] [Train mlm loss: 0.1699665358] [Eval mlm loss: 0.1146045185]
[green_trainer.py:250 train()] -> [Epoch 14/30] [Train mlm pred: 0.9558503678] [Eval mlm pred: 0.9719663722]
[green_trainer.py:143 save_model_with_epoch()] -> Saved [14 epoch] model at ./log/chengdu/exp_bs128_inter2_epoch30_2e-4_cls_2grid_2_0.2ratio/pretrain/pretrain_model_14.pth
[green_trainer.py:241 train()] -> [Epoch 15/30] [Train loss: 0.1588758485] [Eval loss: 0.1074015636]
[green_trainer.py:244 train()] -> [Epoch 15/30] [Train cl  loss: 0.0085674012] [Eval cl  loss: 0.0040654183]
[green_trainer.py:247 train()] -> [Epoch 15/30] [Train mlm loss: 0.1503084472] [Eval mlm loss: 0.1033361454]
[green_trainer.py:250 train()] -> [Epoch 15/30] [Train mlm pred: 0.9611511598] [Eval mlm pred: 0.9750033178]
[green_trainer.py:143 save_model_with_epoch()] -> Saved [15 epoch] model at ./log/chengdu/exp_bs128_inter2_epoch30_2e-4_cls_2grid_2_0.2ratio/pretrain/pretrain_model_15.pth
[green_trainer.py:241 train()] -> [Epoch 16/30] [Train loss: 0.1407933190] [Eval loss: 0.0945402948]
[green_trainer.py:244 train()] -> [Epoch 16/30] [Train cl  loss: 0.0072696341] [Eval cl  loss: 0.0027213553]
[green_trainer.py:247 train()] -> [Epoch 16/30] [Train mlm loss: 0.1335236850] [Eval mlm loss: 0.0918189396]
[green_trainer.py:250 train()] -> [Epoch 16/30] [Train mlm pred: 0.9655237241] [Eval mlm pred: 0.9778545381]
[green_trainer.py:143 save_model_with_epoch()] -> Saved [16 epoch] model at ./log/chengdu/exp_bs128_inter2_epoch30_2e-4_cls_2grid_2_0.2ratio/pretrain/pretrain_model_16.pth
[green_trainer.py:241 train()] -> [Epoch 17/30] [Train loss: 0.1262294161] [Eval loss: 0.0890346187]
[green_trainer.py:244 train()] -> [Epoch 17/30] [Train cl  loss: 0.0059777911] [Eval cl  loss: 0.0033995679]
[green_trainer.py:247 train()] -> [Epoch 17/30] [Train mlm loss: 0.1202516251] [Eval mlm loss: 0.0856350509]
[green_trainer.py:250 train()] -> [Epoch 17/30] [Train mlm pred: 0.9691611907] [Eval mlm pred: 0.9794981752]
[green_trainer.py:143 save_model_with_epoch()] -> Saved [17 epoch] model at ./log/chengdu/exp_bs128_inter2_epoch30_2e-4_cls_2grid_2_0.2ratio/pretrain/pretrain_model_17.pth
[green_trainer.py:241 train()] -> [Epoch 18/30] [Train loss: 0.1140435458] [Eval loss: 0.0824604245]
[green_trainer.py:244 train()] -> [Epoch 18/30] [Train cl  loss: 0.0050481218] [Eval cl  loss: 0.0022787146]
[green_trainer.py:247 train()] -> [Epoch 18/30] [Train mlm loss: 0.1089954241] [Eval mlm loss: 0.0801817099]
[green_trainer.py:250 train()] -> [Epoch 18/30] [Train mlm pred: 0.9720751423] [Eval mlm pred: 0.9807076480]
[green_trainer.py:143 save_model_with_epoch()] -> Saved [18 epoch] model at ./log/chengdu/exp_bs128_inter2_epoch30_2e-4_cls_2grid_2_0.2ratio/pretrain/pretrain_model_18.pth
[green_trainer.py:241 train()] -> [Epoch 19/30] [Train loss: 0.1044030810] [Eval loss: 0.0754391093]
[green_trainer.py:244 train()] -> [Epoch 19/30] [Train cl  loss: 0.0042417343] [Eval cl  loss: 0.0018799275]
[green_trainer.py:247 train()] -> [Epoch 19/30] [Train mlm loss: 0.1001613468] [Eval mlm loss: 0.0735591817]
[green_trainer.py:250 train()] -> [Epoch 19/30] [Train mlm pred: 0.9745221670] [Eval mlm pred: 0.9822974423]
[green_trainer.py:143 save_model_with_epoch()] -> Saved [19 epoch] model at ./log/chengdu/exp_bs128_inter2_epoch30_2e-4_cls_2grid_2_0.2ratio/pretrain/pretrain_model_19.pth
[green_trainer.py:241 train()] -> [Epoch 20/30] [Train loss: 0.0964653840] [Eval loss: 0.0706230535]
[green_trainer.py:244 train()] -> [Epoch 20/30] [Train cl  loss: 0.0034175979] [Eval cl  loss: 0.0012634865]
[green_trainer.py:247 train()] -> [Epoch 20/30] [Train mlm loss: 0.0930477861] [Eval mlm loss: 0.0693595670]
[green_trainer.py:250 train()] -> [Epoch 20/30] [Train mlm pred: 0.9764484640] [Eval mlm pred: 0.9834076565]
[green_trainer.py:143 save_model_with_epoch()] -> Saved [20 epoch] model at ./log/chengdu/exp_bs128_inter2_epoch30_2e-4_cls_2grid_2_0.2ratio/pretrain/pretrain_model_20.pth
[green_trainer.py:241 train()] -> [Epoch 21/30] [Train loss: 0.0894624717] [Eval loss: 0.0671099052]
[green_trainer.py:244 train()] -> [Epoch 21/30] [Train cl  loss: 0.0028166333] [Eval cl  loss: 0.0011039205]
[green_trainer.py:247 train()] -> [Epoch 21/30] [Train mlm loss: 0.0866458385] [Eval mlm loss: 0.0660059847]
[green_trainer.py:250 train()] -> [Epoch 21/30] [Train mlm pred: 0.9781103184] [Eval mlm pred: 0.9844101648]
[green_trainer.py:143 save_model_with_epoch()] -> Saved [21 epoch] model at ./log/chengdu/exp_bs128_inter2_epoch30_2e-4_cls_2grid_2_0.2ratio/pretrain/pretrain_model_21.pth
[green_trainer.py:241 train()] -> [Epoch 22/30] [Train loss: 0.0840198113] [Eval loss: 0.0637018928]
[green_trainer.py:244 train()] -> [Epoch 22/30] [Train cl  loss: 0.0023977390] [Eval cl  loss: 0.0008566569]
[green_trainer.py:247 train()] -> [Epoch 22/30] [Train mlm loss: 0.0816220723] [Eval mlm loss: 0.0628452359]
[green_trainer.py:250 train()] -> [Epoch 22/30] [Train mlm pred: 0.9794219838] [Eval mlm pred: 0.9852429181]
[green_trainer.py:143 save_model_with_epoch()] -> Saved [22 epoch] model at ./log/chengdu/exp_bs128_inter2_epoch30_2e-4_cls_2grid_2_0.2ratio/pretrain/pretrain_model_22.pth
[green_trainer.py:241 train()] -> [Epoch 23/30] [Train loss: 0.0796943782] [Eval loss: 0.0621812035]
[green_trainer.py:244 train()] -> [Epoch 23/30] [Train cl  loss: 0.0019921755] [Eval cl  loss: 0.0009073602]
[green_trainer.py:247 train()] -> [Epoch 23/30] [Train mlm loss: 0.0777022027] [Eval mlm loss: 0.0612738432]
[green_trainer.py:250 train()] -> [Epoch 23/30] [Train mlm pred: 0.9805108795] [Eval mlm pred: 0.9858193807]
[green_trainer.py:143 save_model_with_epoch()] -> Saved [23 epoch] model at ./log/chengdu/exp_bs128_inter2_epoch30_2e-4_cls_2grid_2_0.2ratio/pretrain/pretrain_model_23.pth
[green_trainer.py:241 train()] -> [Epoch 24/30] [Train loss: 0.0758230609] [Eval loss: 0.0594966052]
[green_trainer.py:244 train()] -> [Epoch 24/30] [Train cl  loss: 0.0016430478] [Eval cl  loss: 0.0006948871]
[green_trainer.py:247 train()] -> [Epoch 24/30] [Train mlm loss: 0.0741800132] [Eval mlm loss: 0.0588017181]
[green_trainer.py:250 train()] -> [Epoch 24/30] [Train mlm pred: 0.9814887946] [Eval mlm pred: 0.9863466523]
[green_trainer.py:143 save_model_with_epoch()] -> Saved [24 epoch] model at ./log/chengdu/exp_bs128_inter2_epoch30_2e-4_cls_2grid_2_0.2ratio/pretrain/pretrain_model_24.pth
[green_trainer.py:241 train()] -> [Epoch 25/30] [Train loss: 0.0731961110] [Eval loss: 0.0578290244]
[green_trainer.py:244 train()] -> [Epoch 25/30] [Train cl  loss: 0.0013791670] [Eval cl  loss: 0.0005714939]
[green_trainer.py:247 train()] -> [Epoch 25/30] [Train mlm loss: 0.0718169440] [Eval mlm loss: 0.0572575306]
[green_trainer.py:250 train()] -> [Epoch 25/30] [Train mlm pred: 0.9821632330] [Eval mlm pred: 0.9867381010]
[green_trainer.py:143 save_model_with_epoch()] -> Saved [25 epoch] model at ./log/chengdu/exp_bs128_inter2_epoch30_2e-4_cls_2grid_2_0.2ratio/pretrain/pretrain_model_25.pth
[green_trainer.py:241 train()] -> [Epoch 26/30] [Train loss: 0.0709229022] [Eval loss: 0.0564676125]
[green_trainer.py:244 train()] -> [Epoch 26/30] [Train cl  loss: 0.0012488276] [Eval cl  loss: 0.0005070137]
[green_trainer.py:247 train()] -> [Epoch 26/30] [Train mlm loss: 0.0696740747] [Eval mlm loss: 0.0559605988]
[green_trainer.py:250 train()] -> [Epoch 26/30] [Train mlm pred: 0.9828166018] [Eval mlm pred: 0.9871155048]
[green_trainer.py:143 save_model_with_epoch()] -> Saved [26 epoch] model at ./log/chengdu/exp_bs128_inter2_epoch30_2e-4_cls_2grid_2_0.2ratio/pretrain/pretrain_model_26.pth
[green_trainer.py:241 train()] -> [Epoch 27/30] [Train loss: 0.0684673586] [Eval loss: 0.0538982322]
[green_trainer.py:244 train()] -> [Epoch 27/30] [Train cl  loss: 0.0010605155] [Eval cl  loss: 0.0004366099]
[green_trainer.py:247 train()] -> [Epoch 27/30] [Train mlm loss: 0.0674068431] [Eval mlm loss: 0.0534616224]
[green_trainer.py:250 train()] -> [Epoch 27/30] [Train mlm pred: 0.9832310604] [Eval mlm pred: 0.9876551702]
[green_trainer.py:143 save_model_with_epoch()] -> Saved [27 epoch] model at ./log/chengdu/exp_bs128_inter2_epoch30_2e-4_cls_2grid_2_0.2ratio/pretrain/pretrain_model_27.pth
[green_trainer.py:241 train()] -> [Epoch 28/30] [Train loss: 0.0677383658] [Eval loss: 0.0542996322]
[green_trainer.py:244 train()] -> [Epoch 28/30] [Train cl  loss: 0.0009264840] [Eval cl  loss: 0.0003985062]
[green_trainer.py:247 train()] -> [Epoch 28/30] [Train mlm loss: 0.0668118818] [Eval mlm loss: 0.0539011261]
[green_trainer.py:250 train()] -> [Epoch 28/30] [Train mlm pred: 0.9835090811] [Eval mlm pred: 0.9876380133]
[green_trainer.py:241 train()] -> [Epoch 29/30] [Train loss: 0.0668811578] [Eval loss: 0.0528530525]
[green_trainer.py:244 train()] -> [Epoch 29/30] [Train cl  loss: 0.0009209906] [Eval cl  loss: 0.0003787792]
[green_trainer.py:247 train()] -> [Epoch 29/30] [Train mlm loss: 0.0659601672] [Eval mlm loss: 0.0524742734]
[green_trainer.py:250 train()] -> [Epoch 29/30] [Train mlm pred: 0.9836909700] [Eval mlm pred: 0.9879857085]
[green_trainer.py:143 save_model_with_epoch()] -> Saved [29 epoch] model at ./log/chengdu/exp_bs128_inter2_epoch30_2e-4_cls_2grid_2_0.2ratio/pretrain/pretrain_model_29.pth
[green_trainer.py:271 train()] -> Best model at [epoch 29]!
[green_trainer.py:274 train()] -> Saved model at ./log/chengdu/exp_bs128_inter2_epoch30_2e-4_cls_2grid_2_0.2ratio/pretrain/best_pretrain_model.pth
