[main_sim.py:46 <module>()] -> =================================
[main_sim.py:47 <module>()] -> is_resume = False
is_cls = True
seed = 42
device = cuda:2
dataset = chengdu
grid_special_tokens = {'padding_token': 0, 'cls_token': 1}
road_special_tokens = {'padding_token': 0, 'cls_token': 1, 'mask_token': 2}
mask_length = 2
mask_ratio = 0.2
grid_size = 100
grid_num = 0
road_num = 0
road_type = 0
batch_size = 128
training_epochs = 30
training_lr = 0.0002
bad_patience = 5
warm_up_epoch = 10
warmup_lr_init = 1e-06
lr_min = 1e-06
weight_decay = 0.0001
hidden_emb_dim = 256
pe_dropout = 0.1
out_emb_dim = 128
grid_in_channel = 3
grid_out_channel = 64
grid_trm_head = 4
grid_trm_dropout = 0.1
grid_trm_layer = 2
grid_ffn_dim = 1024
g_fea_size = 0
g_heads_per_layer = [4, 4, 4]
g_dim_per_layer = [256, 256, 256]
g_num_layers = 3
g_dropout = 0.1
road_trm_head = 4
road_trm_dropout = 0.1
road_trm_layer = 4
road_ffn_dim = 1024
inter_trm_head = 2
inter_trm_dropout = 0.1
inter_trm_layer = 2
inter_ffn_dim = 512
tuning_all = True
prediction_length = 5
min_lon = 103.92994
max_lon = 104.20535
min_lat = 30.56799
max_lat = 30.78813
cls_num = 2
[main_sim.py:48 <module>()] -> =================================
[sim_trainer.py:102 load_checkpoint()] -> Loaded model at ./log/chengdu/exp_bs128_inter2_epoch30_2e-4_cls_2grid_2_0.2ratio/pretrain/best_pretrain_model.pth
[sim_trainer.py:322 test()] -> MR 1.026
[sim_trainer.py:329 test()] -> HR {1: 0.989, 5: 0.999}
